Copyright 1986-2020 Xilinx, Inc. All Rights Reserved.
----------------------------------------------------------------------------------------------
| Tool Version : Vivado v.2020.2 (win64) Build 3064766 Wed Nov 18 09:12:45 MST 2020
| Date         : Fri Apr 26 12:02:21 2024
| Host         : CEAT-ENDV350-07 running 64-bit major release  (build 9200)
| Command      : report_timing -file route_report_timing_0.rpt -rpx route_report_timing_0.rpx
| Design       : top_demo
| Device       : 7z020-clg484
| Speed File   : -1  PRODUCTION 1.12 2019-11-22
----------------------------------------------------------------------------------------------

Timing Report

Slack:                    inf
  Source:                 sw[1]
                            (input port)
  Destination:            sseg_cb
                            (output port)
  Path Group:             (none)
  Path Type:              Max at Slow Process Corner
  Data Path Delay:        16.655ns  (logic 5.447ns (32.703%)  route 11.208ns (67.297%))
  Logic Levels:           4  (IBUF=1 LUT5=1 MUXF7=1 OBUF=1)

    Location             Delay type                Incr(ns)  Path(ns)    Netlist Resource(s)
  -------------------------------------------------------------------    -------------------
    U5                                                0.000     0.000 r  sw[1] (IN)
                         net (fo=0)                   0.000     0.000    sw[1]
    U5                   IBUF (Prop_ibuf_I_O)         1.432     1.432 r  sw_IBUF[1]_inst/O
                         net (fo=12, routed)          7.160     8.592    driver/sw_IBUF[1]
    SLICE_X108Y83        LUT5 (Prop_lut5_I2_O)        0.124     8.716 r  driver/sseg_cb_OBUF_inst_i_2/O
                         net (fo=1, routed)           0.000     8.716    driver/sseg_cb_OBUF_inst_i_2_n_0
    SLICE_X108Y83        MUXF7 (Prop_muxf7_I0_O)      0.209     8.925 r  driver/sseg_cb_OBUF_inst_i_1/O
                         net (fo=1, routed)           4.048    12.973    sseg_cb_OBUF
    H17                  OBUF (Prop_obuf_I_O)         3.682    16.655 r  sseg_cb_OBUF_inst/O
                         net (fo=0)                   0.000    16.655    sseg_cb
    H17                                                               r  sseg_cb (OUT)
  -------------------------------------------------------------------    -------------------




