Copyright 1986-2020 Xilinx, Inc. All Rights Reserved.
-------------------------------------------------------------------------------------
| Tool Version : Vivado v.2020.2 (win64) Build 3064766 Wed Nov 18 09:12:45 MST 2020
| Date         : Wed Apr 24 17:13:27 2024
| Host         : CEAT-ENDV350-07 running 64-bit major release  (build 9200)
| Command      : report_control_sets -verbose -file top_demo_control_sets_placed.rpt
| Design       : top_demo
| Device       : xc7z020
-------------------------------------------------------------------------------------

Control Set Information

Table of Contents
-----------------
1. Summary
2. Histogram
3. Flip-Flop Distribution
4. Detailed Control Set Information

1. Summary
----------

+----------------------------------------------------------+-------+
|                          Status                          | Count |
+----------------------------------------------------------+-------+
| Total control sets                                       |    21 |
|    Minimum number of control sets                        |    21 |
|    Addition due to synthesis replication                 |     0 |
|    Addition due to physical synthesis replication        |     0 |
| Unused register locations in slices containing registers |    89 |
+----------------------------------------------------------+-------+
* Control sets can be merged at opt_design using control_set_merge or merge_equivalent_drivers
** Run report_qor_suggestions for automated merging and remapping suggestions


2. Histogram
------------

+--------------------+-------+
|       Fanout       | Count |
+--------------------+-------+
| Total control sets |    21 |
| >= 0 to < 4        |     5 |
| >= 4 to < 6        |     3 |
| >= 6 to < 8        |     2 |
| >= 8 to < 10       |     1 |
| >= 10 to < 12      |     2 |
| >= 12 to < 14      |     1 |
| >= 14 to < 16      |     0 |
| >= 16              |     7 |
+--------------------+-------+
* Control sets can be remapped at either synth_design or opt_design


3. Flip-Flop Distribution
-------------------------

+--------------+-----------------------+------------------------+-----------------+--------------+
| Clock Enable | Synchronous Set/Reset | Asynchronous Set/Reset | Total Registers | Total Slices |
+--------------+-----------------------+------------------------+-----------------+--------------+
| No           | No                    | No                     |             130 |           81 |
| No           | No                    | Yes                    |               1 |            1 |
| No           | Yes                   | No                     |              87 |           27 |
| Yes          | No                    | No                     |              59 |           21 |
| Yes          | No                    | Yes                    |               0 |            0 |
| Yes          | Yes                   | No                     |              50 |           14 |
+--------------+-----------------------+------------------------+-----------------+--------------+


4. Detailed Control Set Information
-----------------------------------

+---------------------------------+---------------------------------------------------------------------------------------------------------+---------------------------------------------------------------------------------------------------------+------------------+----------------+--------------+
|           Clock Signal          |                                              Enable Signal                                              |                                             Set/Reset Signal                                            | Slice Load Count | Bel Load Count | Bels / Slice |
+---------------------------------+---------------------------------------------------------------------------------------------------------+---------------------------------------------------------------------------------------------------------+------------------+----------------+--------------+
|  clk_slow_BUFG                  |                                                                                                         | btn_IBUF[3]                                                                                             |                1 |              1 |         1.00 |
|  test/hdmi_pll/clk_audio        |                                                                                                         |                                                                                                         |                2 |              2 |         1.00 |
|  smol_clk                       |                                                                                                         |                                                                                                         |                1 |              2 |         2.00 |
|  sysclk_125mhz_IBUF_BUFG        |                                                                                                         |                                                                                                         |                2 |              2 |         1.00 |
|  dut/dut3/active_reg[0]_i_1_n_0 |                                                                                                         |                                                                                                         |                1 |              3 |         3.00 |
|  test/hdmi_pll/clk_out1         |                                                                                                         | test/hdmi/cx[10]_i_1_n_0                                                                                |                3 |              4 |         1.33 |
|  test/hdmi_pll/clk_out1         |                                                                                                         | test/counter[10]_i_1_n_0                                                                                |                1 |              5 |         5.00 |
|  test/hdmi_pll/clk_out1         | test/hdmi/true_hdmi_output.data_island_period                                                           |                                                                                                         |                2 |              5 |         2.50 |
|  test/hdmi_pll/clk_audio        |                                                                                                         | test/hdmi/true_hdmi_output.packet_picker/audio_clock_regeneration_packet/clk_audio_counter[5]_i_1_n_0   |                2 |              6 |         3.00 |
|  test/hdmi_pll/clk_out1         | test/hdmi/true_hdmi_output.packet_picker/frame_counter[7]_i_1_n_0                                       |                                                                                                         |                2 |              6 |         3.00 |
|  test/hdmi_pll/clk_out1         | test/hdmi/true_hdmi_output.packet_assembler/parity                                                      | test/hdmi/true_hdmi_output.packet_assembler/parity[4][7]_i_1_n_0                                        |                2 |              8 |         4.00 |
|  test/hdmi_pll/clk_out1         | test/hdmi/cy0                                                                                           |                                                                                                         |                4 |             10 |         2.50 |
|  test/hdmi_pll/clk_out1         | test/hdmi/tmds_gen[0].tmds_channel/tmds[9]_i_2_n_0                                                      | test/hdmi/tmds_gen[0].tmds_channel/tmds[9]_i_1__0_n_0                                                   |                4 |             10 |         2.50 |
|  test/hdmi_pll/clk_out1         |                                                                                                         | test/hdmi/tmds_gen[0].tmds_channel/SR[0]                                                                |                4 |             12 |         3.00 |
|  test/hdmi_pll/clk_out1         |                                                                                                         | test/hdmi/true_hdmi_output.packet_picker/audio_clock_regeneration_packet/clk_audio_counter_wrap_i_1_n_0 |                5 |             17 |         3.40 |
|  test/hdmi_pll/clk_out1         | test/hdmi/true_hdmi_output.packet_picker/audio_clock_regeneration_packet/clk_audio_counter_wrap_i_1_n_0 |                                                                                                         |                5 |             18 |         3.60 |
|  test/hdmi_pll/clk_out1         | test/hdmi/tmds_gen[2].tmds_channel/E[0]                                                                 |                                                                                                         |                8 |             20 |         2.50 |
|  test/hdmi_pll/clk_out1         | test/hdmi/true_hdmi_output.packet_assembler/parity[0][7]_i_1_n_0                                        | test/hdmi/true_hdmi_output.packet_assembler/parity[4][7]_i_1_n_0                                        |                8 |             32 |         4.00 |
|  sysclk_125mhz_IBUF_BUFG        |                                                                                                         | btn_IBUF[3]                                                                                             |               12 |             43 |         3.58 |
|  test/hdmi_pll/clk_out1         |                                                                                                         |                                                                                                         |               27 |             57 |         2.11 |
|  clk_slow_BUFG                  |                                                                                                         |                                                                                                         |               48 |             64 |         1.33 |
+---------------------------------+---------------------------------------------------------------------------------------------------------+---------------------------------------------------------------------------------------------------------+------------------+----------------+--------------+


